#
# A fatal error has been detected by the Java Runtime Environment:
#
#  Internal Error (classFileParser.cpp:3161), pid=3287, tid=3065420656
#  Error: ShouldNotReachHere()
#
# JRE version: 6.0_22-b04
# Java VM: Java HotSpot(TM) Server VM (17.1-b03 mixed mode linux-x86 )
# If you would like to submit a bug report, please visit:
#   http://java.sun.com/webapps/bugreport/crash.jsp
#

---------------  T H R E A D  ---------------

Current thread (0x0973d000):  JavaThread "Unknown thread" [_thread_in_vm, id=3288, stack(0xb6b19000,0xb6b6a000)]

Stack: [0xb6b19000,0xb6b6a000],  sp=0xb6b68810,  free space=13eb6b6a000k
Native frames: (J=compiled Java code, j=interpreted, Vv=VM code, C=native code)
V  [libjvm.so+0x6a92d2]
V  [libjvm.so+0x2b290f]
V  [libjvm.so+0x24d35a]
V  [libjvm.so+0x253371]
V  [libjvm.so+0x63be6f]
V  [libjvm.so+0x63a115]
V  [libjvm.so+0x638fd6]
V  [libjvm.so+0x638c80]
V  [libjvm.so+0x63d5fa]
V  [libjvm.so+0x63d68c]
V  [libjvm.so+0x63d750]
V  [libjvm.so+0x63d539]
V  [libjvm.so+0x682c6a]
V  [libjvm.so+0x6842ef]
V  [libjvm.so+0x36f8ac]
V  [libjvm.so+0x66d06d]
V  [libjvm.so+0x3c75c6]
C  [java+0x305c]
C  [java+0x1942]  JavaMain+0x72
C  [libpthread.so.0+0x5cc9]


---------------  P R O C E S S  ---------------

Java Threads: ( => current thread )

Other Threads:

=>0x0973d000 (exited) JavaThread "Unknown thread" [_thread_in_vm, id=3288, stack(0xb6b19000,0xb6b6a000)]

VM state:not at safepoint (not fully initialized)

VM Mutex/Monitor currently owned by a thread: None

Dynamic libraries:
08048000-08052000 r-xp 00000000 08:05 2369041    /usr/lib/jvm/java-6-sun-1.6.0.22/jre/bin/java
08052000-08053000 rwxp 00009000 08:05 2369041    /usr/lib/jvm/java-6-sun-1.6.0.22/jre/bin/java
09737000-0979d000 rwxp 00000000 00:00 0          [heap]
70ed8000-70f3d000 r-xs 004cb000 08:06 1969471    /home/mind/dev/sdk/android-sdk-linux_x86/platforms/android-8/android.jar
70f3d000-70f3e000 ---p 00000000 00:00 0 
70f3e000-70fbe000 rwxp 00000000 00:00 0 
70fbe000-70fbf000 ---p 00000000 00:00 0 
70fbf000-71047000 rwxp 00000000 00:00 0 
71047000-7105f000 rwxp 00000000 00:00 0 
7105f000-71074000 rwxp 00000000 00:00 0 
71074000-711ac000 rwxp 00000000 00:00 0 
711ac000-711b4000 rwxp 00000000 00:00 0 
711b4000-711cc000 rwxp 00000000 00:00 0 
711cc000-711e1000 rwxp 00000000 00:00 0 
711e1000-71318000 rwxp 00000000 00:00 0 
71318000-71324000 rwxp 00000000 00:00 0 
71324000-713bf000 rwxp 00000000 00:00 0 
713bf000-723c0000 rwxp 00000000 00:00 0 
723c0000-753c0000 rwxp 00000000 00:00 0 
753c0000-77d60000 rwxp 00000000 00:00 0 
77d60000-9ed20000 rwxp 00000000 00:00 0 
9ed20000-a01e0000 rwxp 00000000 00:00 0 
a01e0000-b39c0000 rwxp 00000000 00:00 0 
b39ca000-b39d3000 rwxp 00000000 00:00 0 
b39d3000-b3a8a000 rwxp 00000000 00:00 0 
b3a8a000-b3cca000 rwxp 00000000 00:00 0 
b3cca000-b6a8a000 rwxp 00000000 00:00 0 
b6a8a000-b6a99000 r-xp 00000000 08:05 2495480    /usr/lib/jvm/java-6-sun-1.6.0.22/jre/lib/i386/libzip.so
b6a99000-b6a9b000 rwxp 0000e000 08:05 2495480    /usr/lib/jvm/java-6-sun-1.6.0.22/jre/lib/i386/libzip.so
b6a9b000-b6aa5000 r-xp 00000000 08:05 655833     /lib/libnss_files-2.12.1.so
b6aa5000-b6aa6000 r-xp 00009000 08:05 655833     /lib/libnss_files-2.12.1.so
b6aa6000-b6aa7000 rwxp 0000a000 08:05 655833     /lib/libnss_files-2.12.1.so
b6aa7000-b6ab0000 r-xp 00000000 08:05 655835     /lib/libnss_nis-2.12.1.so
b6ab0000-b6ab1000 r-xp 00008000 08:05 655835     /lib/libnss_nis-2.12.1.so
b6ab1000-b6ab2000 rwxp 00009000 08:05 655835     /lib/libnss_nis-2.12.1.so
b6abb000-b6ac3000 rwxs 00000000 08:05 3801148    /tmp/hsperfdata_mind/3287
b6ac3000-b6ad6000 r-xp 00000000 08:05 655830     /lib/libnsl-2.12.1.so
b6ad6000-b6ad7000 r-xp 00012000 08:05 655830     /lib/libnsl-2.12.1.so
b6ad7000-b6ad8000 rwxp 00013000 08:05 655830     /lib/libnsl-2.12.1.so
b6ad8000-b6ada000 rwxp 00000000 00:00 0 
b6adc000-b6ae2000 r-xp 00000000 08:05 655831     /lib/libnss_compat-2.12.1.so
b6ae2000-b6ae3000 r-xp 00006000 08:05 655831     /lib/libnss_compat-2.12.1.so
b6ae3000-b6ae4000 rwxp 00007000 08:05 655831     /lib/libnss_compat-2.12.1.so
b6ae4000-b6aea000 r-xp 00000000 08:05 2495473    /usr/lib/jvm/java-6-sun-1.6.0.22/jre/lib/i386/native_threads/libhpi.so
b6aea000-b6aeb000 rwxp 00006000 08:05 2495473    /usr/lib/jvm/java-6-sun-1.6.0.22/jre/lib/i386/native_threads/libhpi.so
b6aeb000-b6b0e000 r-xp 00000000 08:05 2495479    /usr/lib/jvm/java-6-sun-1.6.0.22/jre/lib/i386/libjava.so
b6b0e000-b6b10000 rwxp 00023000 08:05 2495479    /usr/lib/jvm/java-6-sun-1.6.0.22/jre/lib/i386/libjava.so
b6b10000-b6b17000 r-xp 00000000 08:05 655840     /lib/librt-2.12.1.so
b6b17000-b6b18000 r-xp 00006000 08:05 655840     /lib/librt-2.12.1.so
b6b18000-b6b19000 rwxp 00007000 08:05 655840     /lib/librt-2.12.1.so
b6b19000-b6b1c000 ---p 00000000 00:00 0 
b6b1c000-b6b6a000 rwxp 00000000 00:00 0 
b6b6a000-b6b8e000 r-xp 00000000 08:05 655828     /lib/libm-2.12.1.so
b6b8e000-b6b8f000 r-xp 00023000 08:05 655828     /lib/libm-2.12.1.so
b6b8f000-b6b90000 rwxp 00024000 08:05 655828     /lib/libm-2.12.1.so
b6b90000-b72bc000 r-xp 00000000 08:05 2626438    /usr/lib/jvm/java-6-sun-1.6.0.22/jre/lib/i386/server/libjvm.so
b72bc000-b730f000 rwxp 0072c000 08:05 2626438    /usr/lib/jvm/java-6-sun-1.6.0.22/jre/lib/i386/server/libjvm.so
b730f000-b772f000 rwxp 00000000 00:00 0 
b772f000-b7886000 r-xp 00000000 08:05 655611     /lib/libc-2.12.1.so
b7886000-b7887000 ---p 00157000 08:05 655611     /lib/libc-2.12.1.so
b7887000-b7889000 r-xp 00157000 08:05 655611     /lib/libc-2.12.1.so
b7889000-b788a000 rwxp 00159000 08:05 655611     /lib/libc-2.12.1.so
b788a000-b788d000 rwxp 00000000 00:00 0 
b788d000-b788f000 r-xp 00000000 08:05 655825     /lib/libdl-2.12.1.so
b788f000-b7890000 r-xp 00001000 08:05 655825     /lib/libdl-2.12.1.so
b7890000-b7891000 rwxp 00002000 08:05 655825     /lib/libdl-2.12.1.so
b7891000-b7898000 r-xp 00000000 08:05 2757185    /usr/lib/jvm/java-6-sun-1.6.0.22/jre/lib/i386/jli/libjli.so
b7898000-b789a000 rwxp 00006000 08:05 2757185    /usr/lib/jvm/java-6-sun-1.6.0.22/jre/lib/i386/jli/libjli.so
b789a000-b789b000 rwxp 00000000 00:00 0 
b789b000-b78b0000 r-xp 00000000 08:05 655838     /lib/libpthread-2.12.1.so
b78b0000-b78b1000 ---p 00015000 08:05 655838     /lib/libpthread-2.12.1.so
b78b1000-b78b2000 r-xp 00015000 08:05 655838     /lib/libpthread-2.12.1.so
b78b2000-b78b3000 rwxp 00016000 08:05 655838     /lib/libpthread-2.12.1.so
b78b3000-b78b5000 rwxp 00000000 00:00 0 
b78b8000-b78b9000 rwxp 00000000 00:00 0 
b78b9000-b78ba000 r-xp 00000000 00:00 0 
b78ba000-b78c5000 r-xp 00000000 08:05 2495478    /usr/lib/jvm/java-6-sun-1.6.0.22/jre/lib/i386/libverify.so
b78c5000-b78c6000 rwxp 0000b000 08:05 2495478    /usr/lib/jvm/java-6-sun-1.6.0.22/jre/lib/i386/libverify.so
b78c6000-b78c8000 rwxp 00000000 00:00 0 
b78c8000-b78c9000 r-xp 00000000 00:00 0          [vdso]
b78c9000-b78e5000 r-xp 00000000 08:05 655608     /lib/ld-2.12.1.so
b78e5000-b78e6000 r-xp 0001b000 08:05 655608     /lib/ld-2.12.1.so
b78e6000-b78e7000 rwxp 0001c000 08:05 655608     /lib/ld-2.12.1.so
bf8e5000-bf906000 rwxp 00000000 00:00 0          [stack]

VM Arguments:
jvm_args: -Dfile.encoding=UTF-8 -Xbootclasspath:/home/mind/dev/sdk/android-sdk-linux_x86/platforms/android-8/android.jar 
java_command: iching.android.activities.Divinations
Launcher Type: SUN_STANDARD

Environment Variables:
PATH=/usr/local/sbin:/usr/local/bin:/usr/sbin:/usr/bin:/sbin:/bin:/usr/games
USERNAME=mind
LD_LIBRARY_PATH=/usr/lib/jvm/java-6-sun-1.6.0.22/jre/lib/i386/server:/usr/lib/jvm/java-6-sun-1.6.0.22/jre/lib/i386:/usr/lib/jvm/java-6-sun-1.6.0.22/jre/../lib/i386:/usr/lib/xulrunner-addons
SHELL=/bin/bash
DISPLAY=:0.0

Signal Handlers:
SIGSEGV: [libjvm.so+0x6a9f20], sa_mask[0]=0x7ffbfeff, sa_flags=0x10000004
SIGBUS: [libjvm.so+0x6a9f20], sa_mask[0]=0x7ffbfeff, sa_flags=0x10000004
SIGFPE: [libjvm.so+0x5781e0], sa_mask[0]=0x7ffbfeff, sa_flags=0x10000004
SIGPIPE: [libjvm.so+0x5781e0], sa_mask[0]=0x7ffbfeff, sa_flags=0x10000004
SIGXFSZ: [libjvm.so+0x5781e0], sa_mask[0]=0x7ffbfeff, sa_flags=0x10000004
SIGILL: [libjvm.so+0x5781e0], sa_mask[0]=0x7ffbfeff, sa_flags=0x10000004
SIGUSR1: SIG_DFL, sa_mask[0]=0x00000000, sa_flags=0x00000000
SIGUSR2: [libjvm.so+0x57ae20], sa_mask[0]=0x00000004, sa_flags=0x10000004
SIGHUP: SIG_DFL, sa_mask[0]=0x00000000, sa_flags=0x00000000
SIGINT: SIG_DFL, sa_mask[0]=0x00000000, sa_flags=0x00000000
SIGTERM: SIG_DFL, sa_mask[0]=0x00000000, sa_flags=0x00000000
SIGQUIT: SIG_DFL, sa_mask[0]=0x00000000, sa_flags=0x00000000


---------------  S Y S T E M  ---------------

OS:squeeze/sid

uname:Linux 2.6.35-23-generic-pae #41-Ubuntu SMP Wed Nov 24 10:35:46 UTC 2010 i686
libc:glibc 2.12.1 NPTL 2.12.1 
rlimit: STACK 8192k, CORE 0k, NPROC infinity, NOFILE 1024, AS infinity
load average:1.01 0.81 0.72

CPU:total 2 (2 cores per cpu, 1 threads per core) family 6 model 23 stepping 6, cmov, cx8, fxsr, mmx, sse, sse2, sse3, ssse3, sse4.1

Memory: 4k page, physical 4084440k(1824540k free), swap 0k(0k free)

vm_info: Java HotSpot(TM) Server VM (17.1-b03) for linux-x86 JRE (1.6.0_22-b04), built on Sep 15 2010 01:02:09 by "java_re" with gcc 3.2.1-7a (J2SE release)

time: Sat Dec  4 11:39:14 2010
elapsed time: 0 seconds

