#
# A fatal error has been detected by the Java Runtime Environment:
#
#  Internal Error (classFileParser.cpp:3161), pid=3258, tid=3064310640
#  Error: ShouldNotReachHere()
#
# JRE version: 6.0_22-b04
# Java VM: Java HotSpot(TM) Server VM (17.1-b03 mixed mode linux-x86 )
# If you would like to submit a bug report, please visit:
#   http://java.sun.com/webapps/bugreport/crash.jsp
#

---------------  T H R E A D  ---------------

Current thread (0x094da000):  JavaThread "Unknown thread" [_thread_in_vm, id=3259, stack(0xb6a0a000,0xb6a5b000)]

Stack: [0xb6a0a000,0xb6a5b000],  sp=0xb6a59810,  free space=13eb6a5b000k
Native frames: (J=compiled Java code, j=interpreted, Vv=VM code, C=native code)
V  [libjvm.so+0x6a92d2]
V  [libjvm.so+0x2b290f]
V  [libjvm.so+0x24d35a]
V  [libjvm.so+0x253371]
V  [libjvm.so+0x63be6f]
V  [libjvm.so+0x63a115]
V  [libjvm.so+0x638fd6]
V  [libjvm.so+0x638c80]
V  [libjvm.so+0x63d5fa]
V  [libjvm.so+0x63d68c]
V  [libjvm.so+0x63d750]
V  [libjvm.so+0x63d539]
V  [libjvm.so+0x682c6a]
V  [libjvm.so+0x6842ef]
V  [libjvm.so+0x36f8ac]
V  [libjvm.so+0x66d06d]
V  [libjvm.so+0x3c75c6]
C  [java+0x305c]
C  [java+0x1942]  JavaMain+0x72
C  [libpthread.so.0+0x5cc9]


---------------  P R O C E S S  ---------------

Java Threads: ( => current thread )

Other Threads:

=>0x094da000 (exited) JavaThread "Unknown thread" [_thread_in_vm, id=3259, stack(0xb6a0a000,0xb6a5b000)]

VM state:not at safepoint (not fully initialized)

VM Mutex/Monitor currently owned by a thread: None

Dynamic libraries:
08048000-08052000 r-xp 00000000 08:05 2369041    /usr/lib/jvm/java-6-sun-1.6.0.22/jre/bin/java
08052000-08053000 rwxp 00009000 08:05 2369041    /usr/lib/jvm/java-6-sun-1.6.0.22/jre/bin/java
094d4000-0953a000 rwxp 00000000 00:00 0          [heap]
70dc8000-70e2d000 r-xs 004cb000 08:06 1969471    /home/mind/dev/sdk/android-sdk-linux_x86/platforms/android-8/android.jar
70e2d000-70e2e000 ---p 00000000 00:00 0 
70e2e000-70eae000 rwxp 00000000 00:00 0 
70eae000-70eaf000 ---p 00000000 00:00 0 
70eaf000-70f37000 rwxp 00000000 00:00 0 
70f37000-70f4f000 rwxp 00000000 00:00 0 
70f4f000-70f64000 rwxp 00000000 00:00 0 
70f64000-7109c000 rwxp 00000000 00:00 0 
7109c000-710a4000 rwxp 00000000 00:00 0 
710a4000-710bc000 rwxp 00000000 00:00 0 
710bc000-710d1000 rwxp 00000000 00:00 0 
710d1000-71208000 rwxp 00000000 00:00 0 
71208000-71214000 rwxp 00000000 00:00 0 
71214000-712af000 rwxp 00000000 00:00 0 
712af000-722b0000 rwxp 00000000 00:00 0 
722b0000-752b0000 rwxp 00000000 00:00 0 
752b0000-77c50000 rwxp 00000000 00:00 0 
77c50000-9ec10000 rwxp 00000000 00:00 0 
9ec10000-a00d0000 rwxp 00000000 00:00 0 
a00d0000-b38b0000 rwxp 00000000 00:00 0 
b38bb000-b38c4000 rwxp 00000000 00:00 0 
b38c4000-b397b000 rwxp 00000000 00:00 0 
b397b000-b3bbb000 rwxp 00000000 00:00 0 
b3bbb000-b697b000 rwxp 00000000 00:00 0 
b697b000-b698a000 r-xp 00000000 08:05 2495480    /usr/lib/jvm/java-6-sun-1.6.0.22/jre/lib/i386/libzip.so
b698a000-b698c000 rwxp 0000e000 08:05 2495480    /usr/lib/jvm/java-6-sun-1.6.0.22/jre/lib/i386/libzip.so
b698c000-b6996000 r-xp 00000000 08:05 655833     /lib/libnss_files-2.12.1.so
b6996000-b6997000 r-xp 00009000 08:05 655833     /lib/libnss_files-2.12.1.so
b6997000-b6998000 rwxp 0000a000 08:05 655833     /lib/libnss_files-2.12.1.so
b6998000-b69a1000 r-xp 00000000 08:05 655835     /lib/libnss_nis-2.12.1.so
b69a1000-b69a2000 r-xp 00008000 08:05 655835     /lib/libnss_nis-2.12.1.so
b69a2000-b69a3000 rwxp 00009000 08:05 655835     /lib/libnss_nis-2.12.1.so
b69ac000-b69b4000 rwxs 00000000 08:05 3801148    /tmp/hsperfdata_mind/3258
b69b4000-b69c7000 r-xp 00000000 08:05 655830     /lib/libnsl-2.12.1.so
b69c7000-b69c8000 r-xp 00012000 08:05 655830     /lib/libnsl-2.12.1.so
b69c8000-b69c9000 rwxp 00013000 08:05 655830     /lib/libnsl-2.12.1.so
b69c9000-b69cb000 rwxp 00000000 00:00 0 
b69cd000-b69d3000 r-xp 00000000 08:05 655831     /lib/libnss_compat-2.12.1.so
b69d3000-b69d4000 r-xp 00006000 08:05 655831     /lib/libnss_compat-2.12.1.so
b69d4000-b69d5000 rwxp 00007000 08:05 655831     /lib/libnss_compat-2.12.1.so
b69d5000-b69db000 r-xp 00000000 08:05 2495473    /usr/lib/jvm/java-6-sun-1.6.0.22/jre/lib/i386/native_threads/libhpi.so
b69db000-b69dc000 rwxp 00006000 08:05 2495473    /usr/lib/jvm/java-6-sun-1.6.0.22/jre/lib/i386/native_threads/libhpi.so
b69dc000-b69ff000 r-xp 00000000 08:05 2495479    /usr/lib/jvm/java-6-sun-1.6.0.22/jre/lib/i386/libjava.so
b69ff000-b6a01000 rwxp 00023000 08:05 2495479    /usr/lib/jvm/java-6-sun-1.6.0.22/jre/lib/i386/libjava.so
b6a01000-b6a08000 r-xp 00000000 08:05 655840     /lib/librt-2.12.1.so
b6a08000-b6a09000 r-xp 00006000 08:05 655840     /lib/librt-2.12.1.so
b6a09000-b6a0a000 rwxp 00007000 08:05 655840     /lib/librt-2.12.1.so
b6a0a000-b6a0d000 ---p 00000000 00:00 0 
b6a0d000-b6a5b000 rwxp 00000000 00:00 0 
b6a5b000-b6a7f000 r-xp 00000000 08:05 655828     /lib/libm-2.12.1.so
b6a7f000-b6a80000 r-xp 00023000 08:05 655828     /lib/libm-2.12.1.so
b6a80000-b6a81000 rwxp 00024000 08:05 655828     /lib/libm-2.12.1.so
b6a81000-b71ad000 r-xp 00000000 08:05 2626438    /usr/lib/jvm/java-6-sun-1.6.0.22/jre/lib/i386/server/libjvm.so
b71ad000-b7200000 rwxp 0072c000 08:05 2626438    /usr/lib/jvm/java-6-sun-1.6.0.22/jre/lib/i386/server/libjvm.so
b7200000-b7620000 rwxp 00000000 00:00 0 
b7620000-b7777000 r-xp 00000000 08:05 655611     /lib/libc-2.12.1.so
b7777000-b7778000 ---p 00157000 08:05 655611     /lib/libc-2.12.1.so
b7778000-b777a000 r-xp 00157000 08:05 655611     /lib/libc-2.12.1.so
b777a000-b777b000 rwxp 00159000 08:05 655611     /lib/libc-2.12.1.so
b777b000-b777e000 rwxp 00000000 00:00 0 
b777e000-b7780000 r-xp 00000000 08:05 655825     /lib/libdl-2.12.1.so
b7780000-b7781000 r-xp 00001000 08:05 655825     /lib/libdl-2.12.1.so
b7781000-b7782000 rwxp 00002000 08:05 655825     /lib/libdl-2.12.1.so
b7782000-b7789000 r-xp 00000000 08:05 2757185    /usr/lib/jvm/java-6-sun-1.6.0.22/jre/lib/i386/jli/libjli.so
b7789000-b778b000 rwxp 00006000 08:05 2757185    /usr/lib/jvm/java-6-sun-1.6.0.22/jre/lib/i386/jli/libjli.so
b778b000-b778c000 rwxp 00000000 00:00 0 
b778c000-b77a1000 r-xp 00000000 08:05 655838     /lib/libpthread-2.12.1.so
b77a1000-b77a2000 ---p 00015000 08:05 655838     /lib/libpthread-2.12.1.so
b77a2000-b77a3000 r-xp 00015000 08:05 655838     /lib/libpthread-2.12.1.so
b77a3000-b77a4000 rwxp 00016000 08:05 655838     /lib/libpthread-2.12.1.so
b77a4000-b77a6000 rwxp 00000000 00:00 0 
b77a9000-b77aa000 rwxp 00000000 00:00 0 
b77aa000-b77ab000 r-xp 00000000 00:00 0 
b77ab000-b77b6000 r-xp 00000000 08:05 2495478    /usr/lib/jvm/java-6-sun-1.6.0.22/jre/lib/i386/libverify.so
b77b6000-b77b7000 rwxp 0000b000 08:05 2495478    /usr/lib/jvm/java-6-sun-1.6.0.22/jre/lib/i386/libverify.so
b77b7000-b77b9000 rwxp 00000000 00:00 0 
b77b9000-b77ba000 r-xp 00000000 00:00 0          [vdso]
b77ba000-b77d6000 r-xp 00000000 08:05 655608     /lib/ld-2.12.1.so
b77d6000-b77d7000 r-xp 0001b000 08:05 655608     /lib/ld-2.12.1.so
b77d7000-b77d8000 rwxp 0001c000 08:05 655608     /lib/ld-2.12.1.so
bf81c000-bf83d000 rwxp 00000000 00:00 0          [stack]

VM Arguments:
jvm_args: -Dfile.encoding=UTF-8 -Xbootclasspath:/home/mind/dev/sdk/android-sdk-linux_x86/platforms/android-8/android.jar 
java_command: iching.android.activities.Divinations
Launcher Type: SUN_STANDARD

Environment Variables:
PATH=/usr/local/sbin:/usr/local/bin:/usr/sbin:/usr/bin:/sbin:/bin:/usr/games
USERNAME=mind
LD_LIBRARY_PATH=/usr/lib/jvm/java-6-sun-1.6.0.22/jre/lib/i386/server:/usr/lib/jvm/java-6-sun-1.6.0.22/jre/lib/i386:/usr/lib/jvm/java-6-sun-1.6.0.22/jre/../lib/i386:/usr/lib/xulrunner-addons
SHELL=/bin/bash
DISPLAY=:0.0

Signal Handlers:
SIGSEGV: [libjvm.so+0x6a9f20], sa_mask[0]=0x7ffbfeff, sa_flags=0x10000004
SIGBUS: [libjvm.so+0x6a9f20], sa_mask[0]=0x7ffbfeff, sa_flags=0x10000004
SIGFPE: [libjvm.so+0x5781e0], sa_mask[0]=0x7ffbfeff, sa_flags=0x10000004
SIGPIPE: [libjvm.so+0x5781e0], sa_mask[0]=0x7ffbfeff, sa_flags=0x10000004
SIGXFSZ: [libjvm.so+0x5781e0], sa_mask[0]=0x7ffbfeff, sa_flags=0x10000004
SIGILL: [libjvm.so+0x5781e0], sa_mask[0]=0x7ffbfeff, sa_flags=0x10000004
SIGUSR1: SIG_DFL, sa_mask[0]=0x00000000, sa_flags=0x00000000
SIGUSR2: [libjvm.so+0x57ae20], sa_mask[0]=0x00000004, sa_flags=0x10000004
SIGHUP: SIG_DFL, sa_mask[0]=0x00000000, sa_flags=0x00000000
SIGINT: SIG_DFL, sa_mask[0]=0x00000000, sa_flags=0x00000000
SIGTERM: SIG_DFL, sa_mask[0]=0x00000000, sa_flags=0x00000000
SIGQUIT: SIG_DFL, sa_mask[0]=0x00000000, sa_flags=0x00000000


---------------  S Y S T E M  ---------------

OS:squeeze/sid

uname:Linux 2.6.35-23-generic-pae #41-Ubuntu SMP Wed Nov 24 10:35:46 UTC 2010 i686
libc:glibc 2.12.1 NPTL 2.12.1 
rlimit: STACK 8192k, CORE 0k, NPROC infinity, NOFILE 1024, AS infinity
load average:0.77 0.76 0.70

CPU:total 2 (2 cores per cpu, 1 threads per core) family 6 model 23 stepping 6, cmov, cx8, fxsr, mmx, sse, sse2, sse3, ssse3, sse4.1

Memory: 4k page, physical 4084440k(1826636k free), swap 0k(0k free)

vm_info: Java HotSpot(TM) Server VM (17.1-b03) for linux-x86 JRE (1.6.0_22-b04), built on Sep 15 2010 01:02:09 by "java_re" with gcc 3.2.1-7a (J2SE release)

time: Sat Dec  4 11:38:46 2010
elapsed time: 0 seconds

