#
# A fatal error has been detected by the Java Runtime Environment:
#
#  Internal Error (classFileParser.cpp:3161), pid=3235, tid=3065265008
#  Error: ShouldNotReachHere()
#
# JRE version: 6.0_22-b04
# Java VM: Java HotSpot(TM) Server VM (17.1-b03 mixed mode linux-x86 )
# If you would like to submit a bug report, please visit:
#   http://java.sun.com/webapps/bugreport/crash.jsp
#

---------------  T H R E A D  ---------------

Current thread (0x09d47000):  JavaThread "Unknown thread" [_thread_in_vm, id=3237, stack(0xb6af3000,0xb6b44000)]

Stack: [0xb6af3000,0xb6b44000],  sp=0xb6b42810,  free space=13eb6b44000k
Native frames: (J=compiled Java code, j=interpreted, Vv=VM code, C=native code)
V  [libjvm.so+0x6a92d2]
V  [libjvm.so+0x2b290f]
V  [libjvm.so+0x24d35a]
V  [libjvm.so+0x253371]
V  [libjvm.so+0x63be6f]
V  [libjvm.so+0x63a115]
V  [libjvm.so+0x638fd6]
V  [libjvm.so+0x638c80]
V  [libjvm.so+0x63d5fa]
V  [libjvm.so+0x63d68c]
V  [libjvm.so+0x63d750]
V  [libjvm.so+0x63d539]
V  [libjvm.so+0x682c6a]
V  [libjvm.so+0x6842ef]
V  [libjvm.so+0x36f8ac]
V  [libjvm.so+0x66d06d]
V  [libjvm.so+0x3c75c6]
C  [java+0x305c]
C  [java+0x1942]  JavaMain+0x72
C  [libpthread.so.0+0x5cc9]


---------------  P R O C E S S  ---------------

Java Threads: ( => current thread )

Other Threads:

=>0x09d47000 (exited) JavaThread "Unknown thread" [_thread_in_vm, id=3237, stack(0xb6af3000,0xb6b44000)]

VM state:not at safepoint (not fully initialized)

VM Mutex/Monitor currently owned by a thread: None

Dynamic libraries:
08048000-08052000 r-xp 00000000 08:05 2369041    /usr/lib/jvm/java-6-sun-1.6.0.22/jre/bin/java
08052000-08053000 rwxp 00009000 08:05 2369041    /usr/lib/jvm/java-6-sun-1.6.0.22/jre/bin/java
09d41000-09da7000 rwxp 00000000 00:00 0          [heap]
70eb8000-70f1d000 r-xs 004cb000 08:06 1969471    /home/mind/dev/sdk/android-sdk-linux_x86/platforms/android-8/android.jar
70f1d000-70f1e000 ---p 00000000 00:00 0 
70f1e000-70f9e000 rwxp 00000000 00:00 0 
70f9e000-70f9f000 ---p 00000000 00:00 0 
70f9f000-71027000 rwxp 00000000 00:00 0 
71027000-7103f000 rwxp 00000000 00:00 0 
7103f000-71054000 rwxp 00000000 00:00 0 
71054000-7118c000 rwxp 00000000 00:00 0 
7118c000-71194000 rwxp 00000000 00:00 0 
71194000-711ac000 rwxp 00000000 00:00 0 
711ac000-711c1000 rwxp 00000000 00:00 0 
711c1000-712f8000 rwxp 00000000 00:00 0 
712f8000-71304000 rwxp 00000000 00:00 0 
71304000-7139f000 rwxp 00000000 00:00 0 
7139f000-723a0000 rwxp 00000000 00:00 0 
723a0000-753a0000 rwxp 00000000 00:00 0 
753a0000-77d40000 rwxp 00000000 00:00 0 
77d40000-9ed00000 rwxp 00000000 00:00 0 
9ed00000-a01c0000 rwxp 00000000 00:00 0 
a01c0000-b39a0000 rwxp 00000000 00:00 0 
b39a4000-b39ad000 rwxp 00000000 00:00 0 
b39ad000-b3a64000 rwxp 00000000 00:00 0 
b3a64000-b3ca4000 rwxp 00000000 00:00 0 
b3ca4000-b6a64000 rwxp 00000000 00:00 0 
b6a64000-b6a73000 r-xp 00000000 08:05 2495480    /usr/lib/jvm/java-6-sun-1.6.0.22/jre/lib/i386/libzip.so
b6a73000-b6a75000 rwxp 0000e000 08:05 2495480    /usr/lib/jvm/java-6-sun-1.6.0.22/jre/lib/i386/libzip.so
b6a75000-b6a7f000 r-xp 00000000 08:05 655833     /lib/libnss_files-2.12.1.so
b6a7f000-b6a80000 r-xp 00009000 08:05 655833     /lib/libnss_files-2.12.1.so
b6a80000-b6a81000 rwxp 0000a000 08:05 655833     /lib/libnss_files-2.12.1.so
b6a81000-b6a8a000 r-xp 00000000 08:05 655835     /lib/libnss_nis-2.12.1.so
b6a8a000-b6a8b000 r-xp 00008000 08:05 655835     /lib/libnss_nis-2.12.1.so
b6a8b000-b6a8c000 rwxp 00009000 08:05 655835     /lib/libnss_nis-2.12.1.so
b6a95000-b6a9d000 rwxs 00000000 08:05 3801148    /tmp/hsperfdata_mind/3235
b6a9d000-b6ab0000 r-xp 00000000 08:05 655830     /lib/libnsl-2.12.1.so
b6ab0000-b6ab1000 r-xp 00012000 08:05 655830     /lib/libnsl-2.12.1.so
b6ab1000-b6ab2000 rwxp 00013000 08:05 655830     /lib/libnsl-2.12.1.so
b6ab2000-b6ab4000 rwxp 00000000 00:00 0 
b6ab6000-b6abc000 r-xp 00000000 08:05 655831     /lib/libnss_compat-2.12.1.so
b6abc000-b6abd000 r-xp 00006000 08:05 655831     /lib/libnss_compat-2.12.1.so
b6abd000-b6abe000 rwxp 00007000 08:05 655831     /lib/libnss_compat-2.12.1.so
b6abe000-b6ac4000 r-xp 00000000 08:05 2495473    /usr/lib/jvm/java-6-sun-1.6.0.22/jre/lib/i386/native_threads/libhpi.so
b6ac4000-b6ac5000 rwxp 00006000 08:05 2495473    /usr/lib/jvm/java-6-sun-1.6.0.22/jre/lib/i386/native_threads/libhpi.so
b6ac5000-b6ae8000 r-xp 00000000 08:05 2495479    /usr/lib/jvm/java-6-sun-1.6.0.22/jre/lib/i386/libjava.so
b6ae8000-b6aea000 rwxp 00023000 08:05 2495479    /usr/lib/jvm/java-6-sun-1.6.0.22/jre/lib/i386/libjava.so
b6aea000-b6af1000 r-xp 00000000 08:05 655840     /lib/librt-2.12.1.so
b6af1000-b6af2000 r-xp 00006000 08:05 655840     /lib/librt-2.12.1.so
b6af2000-b6af3000 rwxp 00007000 08:05 655840     /lib/librt-2.12.1.so
b6af3000-b6af6000 ---p 00000000 00:00 0 
b6af6000-b6b44000 rwxp 00000000 00:00 0 
b6b44000-b6b68000 r-xp 00000000 08:05 655828     /lib/libm-2.12.1.so
b6b68000-b6b69000 r-xp 00023000 08:05 655828     /lib/libm-2.12.1.so
b6b69000-b6b6a000 rwxp 00024000 08:05 655828     /lib/libm-2.12.1.so
b6b6a000-b7296000 r-xp 00000000 08:05 2626438    /usr/lib/jvm/java-6-sun-1.6.0.22/jre/lib/i386/server/libjvm.so
b7296000-b72e9000 rwxp 0072c000 08:05 2626438    /usr/lib/jvm/java-6-sun-1.6.0.22/jre/lib/i386/server/libjvm.so
b72e9000-b7709000 rwxp 00000000 00:00 0 
b7709000-b7860000 r-xp 00000000 08:05 655611     /lib/libc-2.12.1.so
b7860000-b7861000 ---p 00157000 08:05 655611     /lib/libc-2.12.1.so
b7861000-b7863000 r-xp 00157000 08:05 655611     /lib/libc-2.12.1.so
b7863000-b7864000 rwxp 00159000 08:05 655611     /lib/libc-2.12.1.so
b7864000-b7867000 rwxp 00000000 00:00 0 
b7867000-b7869000 r-xp 00000000 08:05 655825     /lib/libdl-2.12.1.so
b7869000-b786a000 r-xp 00001000 08:05 655825     /lib/libdl-2.12.1.so
b786a000-b786b000 rwxp 00002000 08:05 655825     /lib/libdl-2.12.1.so
b786b000-b7872000 r-xp 00000000 08:05 2757185    /usr/lib/jvm/java-6-sun-1.6.0.22/jre/lib/i386/jli/libjli.so
b7872000-b7874000 rwxp 00006000 08:05 2757185    /usr/lib/jvm/java-6-sun-1.6.0.22/jre/lib/i386/jli/libjli.so
b7874000-b7875000 rwxp 00000000 00:00 0 
b7875000-b788a000 r-xp 00000000 08:05 655838     /lib/libpthread-2.12.1.so
b788a000-b788b000 ---p 00015000 08:05 655838     /lib/libpthread-2.12.1.so
b788b000-b788c000 r-xp 00015000 08:05 655838     /lib/libpthread-2.12.1.so
b788c000-b788d000 rwxp 00016000 08:05 655838     /lib/libpthread-2.12.1.so
b788d000-b788f000 rwxp 00000000 00:00 0 
b7892000-b7893000 rwxp 00000000 00:00 0 
b7893000-b7894000 r-xp 00000000 00:00 0 
b7894000-b789f000 r-xp 00000000 08:05 2495478    /usr/lib/jvm/java-6-sun-1.6.0.22/jre/lib/i386/libverify.so
b789f000-b78a0000 rwxp 0000b000 08:05 2495478    /usr/lib/jvm/java-6-sun-1.6.0.22/jre/lib/i386/libverify.so
b78a0000-b78a2000 rwxp 00000000 00:00 0 
b78a2000-b78a3000 r-xp 00000000 00:00 0          [vdso]
b78a3000-b78bf000 r-xp 00000000 08:05 655608     /lib/ld-2.12.1.so
b78bf000-b78c0000 r-xp 0001b000 08:05 655608     /lib/ld-2.12.1.so
b78c0000-b78c1000 rwxp 0001c000 08:05 655608     /lib/ld-2.12.1.so
bf8f6000-bf917000 rwxp 00000000 00:00 0          [stack]

VM Arguments:
jvm_args: -Dfile.encoding=UTF-8 -Xbootclasspath:/home/mind/dev/sdk/android-sdk-linux_x86/platforms/android-8/android.jar 
java_command: iching.android.activities.Divinations
Launcher Type: SUN_STANDARD

Environment Variables:
PATH=/usr/local/sbin:/usr/local/bin:/usr/sbin:/usr/bin:/sbin:/bin:/usr/games
USERNAME=mind
LD_LIBRARY_PATH=/usr/lib/jvm/java-6-sun-1.6.0.22/jre/lib/i386/server:/usr/lib/jvm/java-6-sun-1.6.0.22/jre/lib/i386:/usr/lib/jvm/java-6-sun-1.6.0.22/jre/../lib/i386:/usr/lib/xulrunner-addons
SHELL=/bin/bash
DISPLAY=:0.0

Signal Handlers:
SIGSEGV: [libjvm.so+0x6a9f20], sa_mask[0]=0x7ffbfeff, sa_flags=0x10000004
SIGBUS: [libjvm.so+0x6a9f20], sa_mask[0]=0x7ffbfeff, sa_flags=0x10000004
SIGFPE: [libjvm.so+0x5781e0], sa_mask[0]=0x7ffbfeff, sa_flags=0x10000004
SIGPIPE: [libjvm.so+0x5781e0], sa_mask[0]=0x7ffbfeff, sa_flags=0x10000004
SIGXFSZ: [libjvm.so+0x5781e0], sa_mask[0]=0x7ffbfeff, sa_flags=0x10000004
SIGILL: [libjvm.so+0x5781e0], sa_mask[0]=0x7ffbfeff, sa_flags=0x10000004
SIGUSR1: SIG_DFL, sa_mask[0]=0x00000000, sa_flags=0x00000000
SIGUSR2: [libjvm.so+0x57ae20], sa_mask[0]=0x00000004, sa_flags=0x10000004
SIGHUP: SIG_DFL, sa_mask[0]=0x00000000, sa_flags=0x00000000
SIGINT: SIG_DFL, sa_mask[0]=0x00000000, sa_flags=0x00000000
SIGTERM: SIG_DFL, sa_mask[0]=0x00000000, sa_flags=0x00000000
SIGQUIT: SIG_DFL, sa_mask[0]=0x00000000, sa_flags=0x00000000


---------------  S Y S T E M  ---------------

OS:squeeze/sid

uname:Linux 2.6.35-23-generic-pae #41-Ubuntu SMP Wed Nov 24 10:35:46 UTC 2010 i686
libc:glibc 2.12.1 NPTL 2.12.1 
rlimit: STACK 8192k, CORE 0k, NPROC infinity, NOFILE 1024, AS infinity
load average:0.68 0.74 0.69

CPU:total 2 (2 cores per cpu, 1 threads per core) family 6 model 23 stepping 6, cmov, cx8, fxsr, mmx, sse, sse2, sse3, ssse3, sse4.1

Memory: 4k page, physical 4084440k(1827412k free), swap 0k(0k free)

vm_info: Java HotSpot(TM) Server VM (17.1-b03) for linux-x86 JRE (1.6.0_22-b04), built on Sep 15 2010 01:02:09 by "java_re" with gcc 3.2.1-7a (J2SE release)

time: Sat Dec  4 11:38:29 2010
elapsed time: 0 seconds

